<?xml version="1.0" encoding="UTF-8"?>
<testsuite name="com.mindex.challenge.service.impl.CompensationServiceImplTest" tests="1" skipped="0" failures="0" errors="0" timestamp="2022-06-20T20:16:25" hostname="DESKTOP-Q5H0GRD" time="0.178">
  <properties/>
  <testcase name="testCreateReadUpdate" classname="com.mindex.challenge.service.impl.CompensationServiceImplTest" time="0.178"/>
  <system-out><![CDATA[2022-06-20 16:16:24.964  INFO 18280 --- [    Test worker] .b.t.c.SpringBootTestContextBootstrapper : Neither @ContextConfiguration nor @ContextHierarchy found for test class [com.mindex.challenge.service.impl.CompensationServiceImplTest], using SpringBootContextLoader
2022-06-20 16:16:24.965  INFO 18280 --- [    Test worker] o.s.t.c.support.AbstractContextLoader    : Could not detect default resource locations for test class [com.mindex.challenge.service.impl.CompensationServiceImplTest]: no resource found for suffixes {-context.xml, Context.groovy}.
2022-06-20 16:16:24.965  INFO 18280 --- [    Test worker] t.c.s.AnnotationConfigContextLoaderUtils : Could not detect default configuration classes for test class [com.mindex.challenge.service.impl.CompensationServiceImplTest]: CompensationServiceImplTest does not declare any static, non-private, non-final, nested classes annotated with @Configuration.
2022-06-20 16:16:24.973  INFO 18280 --- [    Test worker] .b.t.c.SpringBootTestContextBootstrapper : Found @SpringBootConfiguration com.mindex.challenge.ChallengeApplication for test class com.mindex.challenge.service.impl.CompensationServiceImplTest
2022-06-20 16:16:24.974  INFO 18280 --- [    Test worker] .b.t.c.SpringBootTestContextBootstrapper : Loaded default TestExecutionListener class names from location [META-INF/spring.factories]: [org.springframework.boot.test.autoconfigure.restdocs.RestDocsTestExecutionListener, org.springframework.boot.test.autoconfigure.web.client.MockRestServiceServerResetTestExecutionListener, org.springframework.boot.test.autoconfigure.web.servlet.MockMvcPrintOnlyOnFailureTestExecutionListener, org.springframework.boot.test.autoconfigure.web.servlet.WebDriverTestExecutionListener, org.springframework.boot.test.mock.mockito.MockitoTestExecutionListener, org.springframework.boot.test.mock.mockito.ResetMocksTestExecutionListener, org.springframework.test.context.web.ServletTestExecutionListener, org.springframework.test.context.support.DirtiesContextBeforeModesTestExecutionListener, org.springframework.test.context.support.DependencyInjectionTestExecutionListener, org.springframework.test.context.support.DirtiesContextTestExecutionListener, org.springframework.test.context.transaction.TransactionalTestExecutionListener, org.springframework.test.context.jdbc.SqlScriptsTestExecutionListener, org.springframework.test.context.event.EventPublishingTestExecutionListener]
2022-06-20 16:16:24.974  INFO 18280 --- [    Test worker] .b.t.c.SpringBootTestContextBootstrapper : Using TestExecutionListeners: [org.springframework.test.context.web.ServletTestExecutionListener@24a831dc, org.springframework.test.context.support.DirtiesContextBeforeModesTestExecutionListener@5c90c5b5, org.springframework.boot.test.mock.mockito.MockitoTestExecutionListener@5aa86494, org.springframework.boot.test.autoconfigure.SpringBootDependencyInjectionTestExecutionListener@fb8172a, org.springframework.test.context.support.DirtiesContextTestExecutionListener@6afbf1d0, org.springframework.test.context.transaction.TransactionalTestExecutionListener@301c3c57, org.springframework.test.context.jdbc.SqlScriptsTestExecutionListener@29896204, org.springframework.test.context.event.EventPublishingTestExecutionListener@66c73158, org.springframework.boot.test.autoconfigure.restdocs.RestDocsTestExecutionListener@53872921, org.springframework.boot.test.autoconfigure.web.client.MockRestServiceServerResetTestExecutionListener@2284982, org.springframework.boot.test.autoconfigure.web.servlet.MockMvcPrintOnlyOnFailureTestExecutionListener@60538281, org.springframework.boot.test.autoconfigure.web.servlet.WebDriverTestExecutionListener@3fc13222, org.springframework.boot.test.mock.mockito.ResetMocksTestExecutionListener@55e5cada]

  .   ____          _            __ _ _
 /\\ / ___'_ __ _ _(_)_ __  __ _ \ \ \ \
( ( )\___ | '_ | '_| | '_ \/ _` | \ \ \ \
 \\/  ___)| |_)| | | | | || (_| |  ) ) ) )
  '  |____| .__|_| |_|_| |_\__, | / / / /
 =========|_|==============|___/=/_/_/_/
 :: Spring Boot ::        (v2.2.0.RELEASE)

2022-06-20 16:16:25.001  INFO 18280 --- [    Test worker] c.m.c.s.i.CompensationServiceImplTest    : Starting CompensationServiceImplTest on DESKTOP-Q5H0GRD with PID 18280 (started by Jeremy Scheuerman in B:\Documents\Programming\Interviews\mindex-java-code-challenge)
2022-06-20 16:16:25.001 DEBUG 18280 --- [    Test worker] c.m.c.s.i.CompensationServiceImplTest    : Running with Spring Boot v2.2.0.RELEASE, Spring v5.2.0.RELEASE
2022-06-20 16:16:25.002  INFO 18280 --- [    Test worker] c.m.c.s.i.CompensationServiceImplTest    : No active profile set, falling back to default profiles: default
2022-06-20 16:16:25.099  INFO 18280 --- [    Test worker] .s.d.r.c.RepositoryConfigurationDelegate : Bootstrapping Spring Data repositories in DEFAULT mode.
2022-06-20 16:16:25.103  INFO 18280 --- [    Test worker] .s.d.r.c.RepositoryConfigurationDelegate : Finished Spring Data repository scanning in 3ms. Found 2 repository interfaces.
2022-06-20 16:16:25.344  INFO 18280 --- [    Test worker] o.s.b.w.embedded.tomcat.TomcatWebServer  : Tomcat initialized with port(s): 0 (http)
2022-06-20 16:16:25.353  INFO 18280 --- [    Test worker] o.apache.catalina.core.StandardService   : Starting service [Tomcat]
2022-06-20 16:16:25.354  INFO 18280 --- [    Test worker] org.apache.catalina.core.StandardEngine  : Starting Servlet engine: [Apache Tomcat/9.0.27]
2022-06-20 16:16:25.470  INFO 18280 --- [    Test worker] o.a.c.c.C.[Tomcat].[localhost].[/]       : Initializing Spring embedded WebApplicationContext
2022-06-20 16:16:25.471  INFO 18280 --- [    Test worker] o.s.web.context.ContextLoader            : Root WebApplicationContext: initialization completed in 468 ms
2022-06-20 16:16:25.584  INFO 18280 --- [    Test worker] de.bwaldvogel.mongo.MongoServer          : started MongoServer(port: 46325, ssl: false)
2022-06-20 16:16:25.585  INFO 18280 --- [    Test worker] org.mongodb.driver.cluster               : Cluster created with settings {hosts=[127.0.0.1:46325], mode=SINGLE, requiredClusterType=UNKNOWN, serverSelectionTimeout='30000 ms', maxWaitQueueSize=500}
2022-06-20 16:16:25.587  INFO 18280 --- [-server-worker1] d.b.mongo.wire.MongoWireProtocolHandler  : client [id: 0x84638ad0, L:/127.0.0.1:46325 - R:/127.0.0.1:46326] connected
2022-06-20 16:16:25.598  INFO 18280 --- [127.0.0.1:46325] org.mongodb.driver.connection            : Opened connection [connectionId{localValue:3}] to 127.0.0.1:46325
2022-06-20 16:16:25.599  INFO 18280 --- [127.0.0.1:46325] org.mongodb.driver.cluster               : Monitor thread successfully connected to server with description ServerDescription{address=127.0.0.1:46325, type=STANDALONE, state=CONNECTED, ok=true, version=ServerVersion{versionList=[3, 0, 0]}, minWireVersion=0, maxWireVersion=2, maxDocumentSize=16777216, logicalSessionTimeoutMinutes=null, roundTripTimeNanos=792700}
2022-06-20 16:16:25.600  WARN 18280 --- [    Test worker] o.s.data.convert.CustomConversions       : Registering converter from class java.time.LocalDateTime to class java.time.Instant as reading converter although it doesn't convert from a store-supported type! You might wanna check you annotation setup at the converter implementation.
2022-06-20 16:16:25.600  WARN 18280 --- [    Test worker] o.s.data.convert.CustomConversions       : Registering converter from class java.time.Instant to class java.time.LocalDateTime as reading converter although it doesn't convert from a store-supported type! You might wanna check you annotation setup at the converter implementation.
2022-06-20 16:16:25.600  WARN 18280 --- [    Test worker] o.s.data.convert.CustomConversions       : Registering converter from class java.time.LocalDateTime to class java.time.Instant as reading converter although it doesn't convert from a store-supported type! You might wanna check you annotation setup at the converter implementation.
2022-06-20 16:16:25.600  WARN 18280 --- [    Test worker] o.s.data.convert.CustomConversions       : Registering converter from class java.time.Instant to class java.time.LocalDateTime as reading converter although it doesn't convert from a store-supported type! You might wanna check you annotation setup at the converter implementation.
2022-06-20 16:16:25.645  INFO 18280 --- [-server-worker2] d.b.mongo.wire.MongoWireProtocolHandler  : client [id: 0x5ce5fcff, L:/127.0.0.1:46325 - R:/127.0.0.1:46327] connected
2022-06-20 16:16:25.651  INFO 18280 --- [    Test worker] org.mongodb.driver.connection            : Opened connection [connectionId{localValue:4}] to 127.0.0.1:46325
2022-06-20 16:16:25.652  INFO 18280 --- [-server-worker2] d.b.mongo.backend.AbstractMongoBackend   : created database test
2022-06-20 16:16:25.652  INFO 18280 --- [-server-worker2] d.b.mongo.backend.AbstractMongoDatabase  : adding unique _id index for collection employee
2022-06-20 16:16:25.652  INFO 18280 --- [-server-worker2] d.b.mongo.backend.AbstractMongoDatabase  : created collection test.employee
2022-06-20 16:16:25.663  INFO 18280 --- [-server-worker2] d.b.mongo.backend.AbstractMongoDatabase  : adding unique _id index for collection compensation
2022-06-20 16:16:25.663  INFO 18280 --- [-server-worker2] d.b.mongo.backend.AbstractMongoDatabase  : created collection test.compensation
2022-06-20 16:16:25.744  INFO 18280 --- [    Test worker] o.s.s.concurrent.ThreadPoolTaskExecutor  : Initializing ExecutorService 'applicationTaskExecutor'
2022-06-20 16:16:25.808  WARN 18280 --- [    Test worker] o.s.data.convert.CustomConversions       : Registering converter from class java.time.LocalDateTime to class java.time.Instant as reading converter although it doesn't convert from a store-supported type! You might wanna check you annotation setup at the converter implementation.
2022-06-20 16:16:25.809  WARN 18280 --- [    Test worker] o.s.data.convert.CustomConversions       : Registering converter from class java.time.Instant to class java.time.LocalDateTime as reading converter although it doesn't convert from a store-supported type! You might wanna check you annotation setup at the converter implementation.
2022-06-20 16:16:25.817  WARN 18280 --- [    Test worker] o.s.data.convert.CustomConversions       : Registering converter from class java.time.LocalDateTime to class java.time.Instant as reading converter although it doesn't convert from a store-supported type! You might wanna check you annotation setup at the converter implementation.
2022-06-20 16:16:25.817  WARN 18280 --- [    Test worker] o.s.data.convert.CustomConversions       : Registering converter from class java.time.Instant to class java.time.LocalDateTime as reading converter although it doesn't convert from a store-supported type! You might wanna check you annotation setup at the converter implementation.
2022-06-20 16:16:25.867  INFO 18280 --- [    Test worker] o.s.b.w.embedded.tomcat.TomcatWebServer  : Tomcat started on port(s): 46328 (http) with context path ''
2022-06-20 16:16:25.868  INFO 18280 --- [    Test worker] c.m.c.s.i.CompensationServiceImplTest    : Started CompensationServiceImplTest in 0.892 seconds (JVM running for 4.903)
2022-06-20 16:16:25.961  INFO 18280 --- [o-auto-1-exec-2] o.a.c.c.C.[Tomcat].[localhost].[/]       : Initializing Spring DispatcherServlet 'dispatcherServlet'
2022-06-20 16:16:25.961  INFO 18280 --- [o-auto-1-exec-2] o.s.web.servlet.DispatcherServlet        : Initializing Servlet 'dispatcherServlet'
2022-06-20 16:16:25.978  INFO 18280 --- [o-auto-1-exec-2] o.s.web.servlet.DispatcherServlet        : Completed initialization in 17 ms
2022-06-20 16:16:26.001 DEBUG 18280 --- [o-auto-1-exec-2] c.m.c.controller.EmployeeController      : Received employee create request for [com.mindex.challenge.data.Employee@760ace6c]
2022-06-20 16:16:26.001 DEBUG 18280 --- [o-auto-1-exec-2] c.m.c.service.impl.EmployeeServiceImpl   : Creating employee [com.mindex.challenge.data.Employee@760ace6c]
2022-06-20 16:16:26.021 DEBUG 18280 --- [o-auto-1-exec-3] c.m.c.controller.CompensationController  : Received employee create request for [com.mindex.challenge.data.Compensation@17723044]
2022-06-20 16:16:26.021 DEBUG 18280 --- [o-auto-1-exec-3] c.m.c.s.impl.CompensationServiceImpl     : Creating compensation Report [com.mindex.challenge.data.Compensation@17723044]
2022-06-20 16:16:26.029  WARN 18280 --- [o-auto-1-exec-7] .w.s.m.s.DefaultHandlerExceptionResolver : Resolved [org.springframework.web.HttpRequestMethodNotSupportedException: Request method 'GET' not supported]
2022-06-20 16:16:26.046  WARN 18280 --- [o-auto-1-exec-8] .w.s.m.s.DefaultHandlerExceptionResolver : Resolved [org.springframework.web.HttpRequestMethodNotSupportedException: Request method 'PUT' not supported]
]]></system-out>
  <system-err><![CDATA[]]></system-err>
</testsuite>
