<?xml version="1.0" encoding="UTF-8"?>
<testsuite name="com.mindex.challenge.service.impl.ReportingStructureServiceImplTest" tests="3" skipped="0" failures="0" errors="0" timestamp="2022-06-20T20:16:26" hostname="DESKTOP-Q5H0GRD" time="0.07">
  <properties/>
  <testcase name="testReportingStructureNonNestedReports" classname="com.mindex.challenge.service.impl.ReportingStructureServiceImplTest" time="0.026"/>
  <testcase name="testReportingStructureNoReports" classname="com.mindex.challenge.service.impl.ReportingStructureServiceImplTest" time="0.01"/>
  <testcase name="testReportingStructureNestedReports" classname="com.mindex.challenge.service.impl.ReportingStructureServiceImplTest" time="0.032"/>
  <system-out><![CDATA[2022-06-20 16:16:26.076  INFO 18280 --- [    Test worker] .b.t.c.SpringBootTestContextBootstrapper : Neither @ContextConfiguration nor @ContextHierarchy found for test class [com.mindex.challenge.service.impl.ReportingStructureServiceImplTest], using SpringBootContextLoader
2022-06-20 16:16:26.077  INFO 18280 --- [    Test worker] o.s.t.c.support.AbstractContextLoader    : Could not detect default resource locations for test class [com.mindex.challenge.service.impl.ReportingStructureServiceImplTest]: no resource found for suffixes {-context.xml, Context.groovy}.
2022-06-20 16:16:26.077  INFO 18280 --- [    Test worker] t.c.s.AnnotationConfigContextLoaderUtils : Could not detect default configuration classes for test class [com.mindex.challenge.service.impl.ReportingStructureServiceImplTest]: ReportingStructureServiceImplTest does not declare any static, non-private, non-final, nested classes annotated with @Configuration.
2022-06-20 16:16:26.078  INFO 18280 --- [    Test worker] .b.t.c.SpringBootTestContextBootstrapper : Found @SpringBootConfiguration com.mindex.challenge.ChallengeApplication for test class com.mindex.challenge.service.impl.ReportingStructureServiceImplTest
2022-06-20 16:16:26.079  INFO 18280 --- [    Test worker] .b.t.c.SpringBootTestContextBootstrapper : Loaded default TestExecutionListener class names from location [META-INF/spring.factories]: [org.springframework.boot.test.autoconfigure.restdocs.RestDocsTestExecutionListener, org.springframework.boot.test.autoconfigure.web.client.MockRestServiceServerResetTestExecutionListener, org.springframework.boot.test.autoconfigure.web.servlet.MockMvcPrintOnlyOnFailureTestExecutionListener, org.springframework.boot.test.autoconfigure.web.servlet.WebDriverTestExecutionListener, org.springframework.boot.test.mock.mockito.MockitoTestExecutionListener, org.springframework.boot.test.mock.mockito.ResetMocksTestExecutionListener, org.springframework.test.context.web.ServletTestExecutionListener, org.springframework.test.context.support.DirtiesContextBeforeModesTestExecutionListener, org.springframework.test.context.support.DependencyInjectionTestExecutionListener, org.springframework.test.context.support.DirtiesContextTestExecutionListener, org.springframework.test.context.transaction.TransactionalTestExecutionListener, org.springframework.test.context.jdbc.SqlScriptsTestExecutionListener, org.springframework.test.context.event.EventPublishingTestExecutionListener]
2022-06-20 16:16:26.079  INFO 18280 --- [    Test worker] .b.t.c.SpringBootTestContextBootstrapper : Using TestExecutionListeners: [org.springframework.test.context.web.ServletTestExecutionListener@1a6303b3, org.springframework.test.context.support.DirtiesContextBeforeModesTestExecutionListener@51f18717, org.springframework.boot.test.mock.mockito.MockitoTestExecutionListener@5d51001e, org.springframework.boot.test.autoconfigure.SpringBootDependencyInjectionTestExecutionListener@6ef4c462, org.springframework.test.context.support.DirtiesContextTestExecutionListener@6c083c94, org.springframework.test.context.transaction.TransactionalTestExecutionListener@311cc73d, org.springframework.test.context.jdbc.SqlScriptsTestExecutionListener@649870f0, org.springframework.test.context.event.EventPublishingTestExecutionListener@2c077fd5, org.springframework.boot.test.autoconfigure.restdocs.RestDocsTestExecutionListener@1c60a5d, org.springframework.boot.test.autoconfigure.web.client.MockRestServiceServerResetTestExecutionListener@56b40077, org.springframework.boot.test.autoconfigure.web.servlet.MockMvcPrintOnlyOnFailureTestExecutionListener@710ce5a1, org.springframework.boot.test.autoconfigure.web.servlet.WebDriverTestExecutionListener@66e2d582, org.springframework.boot.test.mock.mockito.ResetMocksTestExecutionListener@5747bfe1]
2022-06-20 16:16:26.084 DEBUG 18280 --- [o-auto-1-exec-5] c.m.c.controller.EmployeeController      : Received employee create request for [com.mindex.challenge.data.Employee@76d679cf]
2022-06-20 16:16:26.084 DEBUG 18280 --- [o-auto-1-exec-5] c.m.c.service.impl.EmployeeServiceImpl   : Creating employee [com.mindex.challenge.data.Employee@76d679cf]
2022-06-20 16:16:26.089 DEBUG 18280 --- [o-auto-1-exec-6] c.m.c.controller.EmployeeController      : Received employee create request for [com.mindex.challenge.data.Employee@36a40a5]
2022-06-20 16:16:26.089 DEBUG 18280 --- [o-auto-1-exec-6] c.m.c.service.impl.EmployeeServiceImpl   : Creating employee [com.mindex.challenge.data.Employee@36a40a5]
2022-06-20 16:16:26.095 DEBUG 18280 --- [-auto-1-exec-10] c.m.c.controller.EmployeeController      : Received employee create request for [com.mindex.challenge.data.Employee@2f4a218e]
2022-06-20 16:16:26.095 DEBUG 18280 --- [-auto-1-exec-10] c.m.c.service.impl.EmployeeServiceImpl   : Creating employee [com.mindex.challenge.data.Employee@2f4a218e]
2022-06-20 16:16:26.101 DEBUG 18280 --- [o-auto-1-exec-2] c.m.c.controller.EmployeeController      : Received reporting structure read request for employee id [75de8bed-1f74-41b9-a251-da21c8ddb56e]
2022-06-20 16:16:26.101 DEBUG 18280 --- [o-auto-1-exec-2] c.m.c.s.i.ReportingStructureServiceImpl  : Creating reporting structure for employee [75de8bed-1f74-41b9-a251-da21c8ddb56e]
2022-06-20 16:16:26.111 DEBUG 18280 --- [o-auto-1-exec-3] c.m.c.controller.EmployeeController      : Received employee create request for [com.mindex.challenge.data.Employee@5e7e3da4]
2022-06-20 16:16:26.111 DEBUG 18280 --- [o-auto-1-exec-3] c.m.c.service.impl.EmployeeServiceImpl   : Creating employee [com.mindex.challenge.data.Employee@5e7e3da4]
2022-06-20 16:16:26.115 DEBUG 18280 --- [o-auto-1-exec-7] c.m.c.controller.EmployeeController      : Received reporting structure read request for employee id [00603218-b2f1-4be2-84cc-2b0ce4ac4d81]
2022-06-20 16:16:26.115 DEBUG 18280 --- [o-auto-1-exec-7] c.m.c.s.i.ReportingStructureServiceImpl  : Creating reporting structure for employee [00603218-b2f1-4be2-84cc-2b0ce4ac4d81]
2022-06-20 16:16:26.122 DEBUG 18280 --- [o-auto-1-exec-8] c.m.c.controller.EmployeeController      : Received employee create request for [com.mindex.challenge.data.Employee@5ec99772]
2022-06-20 16:16:26.122 DEBUG 18280 --- [o-auto-1-exec-8] c.m.c.service.impl.EmployeeServiceImpl   : Creating employee [com.mindex.challenge.data.Employee@5ec99772]
2022-06-20 16:16:26.127 DEBUG 18280 --- [o-auto-1-exec-1] c.m.c.controller.EmployeeController      : Received employee create request for [com.mindex.challenge.data.Employee@2fdccbaf]
2022-06-20 16:16:26.127 DEBUG 18280 --- [o-auto-1-exec-1] c.m.c.service.impl.EmployeeServiceImpl   : Creating employee [com.mindex.challenge.data.Employee@2fdccbaf]
2022-06-20 16:16:26.131 DEBUG 18280 --- [o-auto-1-exec-9] c.m.c.controller.EmployeeController      : Received employee create request for [com.mindex.challenge.data.Employee@55b3fe01]
2022-06-20 16:16:26.132 DEBUG 18280 --- [o-auto-1-exec-9] c.m.c.service.impl.EmployeeServiceImpl   : Creating employee [com.mindex.challenge.data.Employee@55b3fe01]
2022-06-20 16:16:26.136 DEBUG 18280 --- [o-auto-1-exec-4] c.m.c.controller.EmployeeController      : Received employee create request for [com.mindex.challenge.data.Employee@130c57cf]
2022-06-20 16:16:26.136 DEBUG 18280 --- [o-auto-1-exec-4] c.m.c.service.impl.EmployeeServiceImpl   : Creating employee [com.mindex.challenge.data.Employee@130c57cf]
2022-06-20 16:16:26.140 DEBUG 18280 --- [o-auto-1-exec-5] c.m.c.controller.EmployeeController      : Received employee create request for [com.mindex.challenge.data.Employee@78119965]
2022-06-20 16:16:26.141 DEBUG 18280 --- [o-auto-1-exec-5] c.m.c.service.impl.EmployeeServiceImpl   : Creating employee [com.mindex.challenge.data.Employee@78119965]
2022-06-20 16:16:26.145 DEBUG 18280 --- [o-auto-1-exec-6] c.m.c.controller.EmployeeController      : Received reporting structure read request for employee id [5782d6b8-1b50-4311-9657-2c4b8f5286eb]
2022-06-20 16:16:26.145 DEBUG 18280 --- [o-auto-1-exec-6] c.m.c.s.i.ReportingStructureServiceImpl  : Creating reporting structure for employee [5782d6b8-1b50-4311-9657-2c4b8f5286eb]
]]></system-out>
  <system-err><![CDATA[]]></system-err>
</testsuite>
