<?xml version="1.0" encoding="UTF-8"?>
<testsuite name="com.mindex.challenge.DataBootstrapTest" tests="2" skipped="0" failures="0" errors="0" timestamp="2022-06-20T20:16:24" hostname="DESKTOP-Q5H0GRD" time="0.063">
  <properties/>
  <testcase name="testCompensation" classname="com.mindex.challenge.DataBootstrapTest" time="0.057"/>
  <testcase name="testEmployee" classname="com.mindex.challenge.DataBootstrapTest" time="0.006"/>
  <system-out><![CDATA[2022-06-20 16:16:24.886  INFO 18280 --- [    Test worker] .b.t.c.SpringBootTestContextBootstrapper : Neither @ContextConfiguration nor @ContextHierarchy found for test class [com.mindex.challenge.DataBootstrapTest], using SpringBootContextLoader
2022-06-20 16:16:24.886  INFO 18280 --- [    Test worker] o.s.t.c.support.AbstractContextLoader    : Could not detect default resource locations for test class [com.mindex.challenge.DataBootstrapTest]: no resource found for suffixes {-context.xml, Context.groovy}.
2022-06-20 16:16:24.887  INFO 18280 --- [    Test worker] t.c.s.AnnotationConfigContextLoaderUtils : Could not detect default configuration classes for test class [com.mindex.challenge.DataBootstrapTest]: DataBootstrapTest does not declare any static, non-private, non-final, nested classes annotated with @Configuration.
2022-06-20 16:16:24.888  INFO 18280 --- [    Test worker] .b.t.c.SpringBootTestContextBootstrapper : Found @SpringBootConfiguration com.mindex.challenge.ChallengeApplication for test class com.mindex.challenge.DataBootstrapTest
2022-06-20 16:16:24.889  INFO 18280 --- [    Test worker] .b.t.c.SpringBootTestContextBootstrapper : Loaded default TestExecutionListener class names from location [META-INF/spring.factories]: [org.springframework.boot.test.autoconfigure.restdocs.RestDocsTestExecutionListener, org.springframework.boot.test.autoconfigure.web.client.MockRestServiceServerResetTestExecutionListener, org.springframework.boot.test.autoconfigure.web.servlet.MockMvcPrintOnlyOnFailureTestExecutionListener, org.springframework.boot.test.autoconfigure.web.servlet.WebDriverTestExecutionListener, org.springframework.boot.test.mock.mockito.MockitoTestExecutionListener, org.springframework.boot.test.mock.mockito.ResetMocksTestExecutionListener, org.springframework.test.context.web.ServletTestExecutionListener, org.springframework.test.context.support.DirtiesContextBeforeModesTestExecutionListener, org.springframework.test.context.support.DependencyInjectionTestExecutionListener, org.springframework.test.context.support.DirtiesContextTestExecutionListener, org.springframework.test.context.transaction.TransactionalTestExecutionListener, org.springframework.test.context.jdbc.SqlScriptsTestExecutionListener, org.springframework.test.context.event.EventPublishingTestExecutionListener]
2022-06-20 16:16:24.889  INFO 18280 --- [    Test worker] .b.t.c.SpringBootTestContextBootstrapper : Using TestExecutionListeners: [org.springframework.test.context.web.ServletTestExecutionListener@22e62c85, org.springframework.test.context.support.DirtiesContextBeforeModesTestExecutionListener@91fcc51, org.springframework.boot.test.mock.mockito.MockitoTestExecutionListener@2e235459, org.springframework.boot.test.autoconfigure.SpringBootDependencyInjectionTestExecutionListener@47384e74, org.springframework.test.context.support.DirtiesContextTestExecutionListener@54a9c012, org.springframework.test.context.transaction.TransactionalTestExecutionListener@23a3f392, org.springframework.test.context.jdbc.SqlScriptsTestExecutionListener@1716ea23, org.springframework.test.context.event.EventPublishingTestExecutionListener@12d84d5b, org.springframework.boot.test.autoconfigure.restdocs.RestDocsTestExecutionListener@86ba642, org.springframework.boot.test.autoconfigure.web.client.MockRestServiceServerResetTestExecutionListener@3468ebbe, org.springframework.boot.test.autoconfigure.web.servlet.MockMvcPrintOnlyOnFailureTestExecutionListener@148f48e2, org.springframework.boot.test.autoconfigure.web.servlet.WebDriverTestExecutionListener@446d6dbd, org.springframework.boot.test.mock.mockito.ResetMocksTestExecutionListener@11e18ac4]
]]></system-out>
  <system-err><![CDATA[]]></system-err>
</testsuite>
