<?xml version="1.0" encoding="UTF-8"?>
<testsuite name="com.mindex.challenge.service.impl.EmployeeServiceImplTest" tests="1" skipped="0" failures="0" errors="0" timestamp="2022-06-20T20:16:26" hostname="DESKTOP-Q5H0GRD" time="0.021">
  <properties/>
  <testcase name="testCreateReadUpdate" classname="com.mindex.challenge.service.impl.EmployeeServiceImplTest" time="0.021"/>
  <system-out><![CDATA[2022-06-20 16:16:26.050  INFO 18280 --- [    Test worker] .b.t.c.SpringBootTestContextBootstrapper : Neither @ContextConfiguration nor @ContextHierarchy found for test class [com.mindex.challenge.service.impl.EmployeeServiceImplTest], using SpringBootContextLoader
2022-06-20 16:16:26.050  INFO 18280 --- [    Test worker] o.s.t.c.support.AbstractContextLoader    : Could not detect default resource locations for test class [com.mindex.challenge.service.impl.EmployeeServiceImplTest]: no resource found for suffixes {-context.xml, Context.groovy}.
2022-06-20 16:16:26.050  INFO 18280 --- [    Test worker] t.c.s.AnnotationConfigContextLoaderUtils : Could not detect default configuration classes for test class [com.mindex.challenge.service.impl.EmployeeServiceImplTest]: EmployeeServiceImplTest does not declare any static, non-private, non-final, nested classes annotated with @Configuration.
2022-06-20 16:16:26.051  INFO 18280 --- [    Test worker] .b.t.c.SpringBootTestContextBootstrapper : Found @SpringBootConfiguration com.mindex.challenge.ChallengeApplication for test class com.mindex.challenge.service.impl.EmployeeServiceImplTest
2022-06-20 16:16:26.052  INFO 18280 --- [    Test worker] .b.t.c.SpringBootTestContextBootstrapper : Loaded default TestExecutionListener class names from location [META-INF/spring.factories]: [org.springframework.boot.test.autoconfigure.restdocs.RestDocsTestExecutionListener, org.springframework.boot.test.autoconfigure.web.client.MockRestServiceServerResetTestExecutionListener, org.springframework.boot.test.autoconfigure.web.servlet.MockMvcPrintOnlyOnFailureTestExecutionListener, org.springframework.boot.test.autoconfigure.web.servlet.WebDriverTestExecutionListener, org.springframework.boot.test.mock.mockito.MockitoTestExecutionListener, org.springframework.boot.test.mock.mockito.ResetMocksTestExecutionListener, org.springframework.test.context.web.ServletTestExecutionListener, org.springframework.test.context.support.DirtiesContextBeforeModesTestExecutionListener, org.springframework.test.context.support.DependencyInjectionTestExecutionListener, org.springframework.test.context.support.DirtiesContextTestExecutionListener, org.springframework.test.context.transaction.TransactionalTestExecutionListener, org.springframework.test.context.jdbc.SqlScriptsTestExecutionListener, org.springframework.test.context.event.EventPublishingTestExecutionListener]
2022-06-20 16:16:26.052  INFO 18280 --- [    Test worker] .b.t.c.SpringBootTestContextBootstrapper : Using TestExecutionListeners: [org.springframework.test.context.web.ServletTestExecutionListener@7e2831ab, org.springframework.test.context.support.DirtiesContextBeforeModesTestExecutionListener@773377cb, org.springframework.boot.test.mock.mockito.MockitoTestExecutionListener@6cab5683, org.springframework.boot.test.autoconfigure.SpringBootDependencyInjectionTestExecutionListener@2883379b, org.springframework.test.context.support.DirtiesContextTestExecutionListener@1719ee49, org.springframework.test.context.transaction.TransactionalTestExecutionListener@7bf85e4e, org.springframework.test.context.jdbc.SqlScriptsTestExecutionListener@4d5110fc, org.springframework.test.context.event.EventPublishingTestExecutionListener@7cdfc922, org.springframework.boot.test.autoconfigure.restdocs.RestDocsTestExecutionListener@24ec1b56, org.springframework.boot.test.autoconfigure.web.client.MockRestServiceServerResetTestExecutionListener@1ddf2bab, org.springframework.boot.test.autoconfigure.web.servlet.MockMvcPrintOnlyOnFailureTestExecutionListener@58cc1e1c, org.springframework.boot.test.autoconfigure.web.servlet.WebDriverTestExecutionListener@5a585afe, org.springframework.boot.test.mock.mockito.ResetMocksTestExecutionListener@1eaacc48]
2022-06-20 16:16:26.058 DEBUG 18280 --- [o-auto-1-exec-1] c.m.c.controller.EmployeeController      : Received employee create request for [com.mindex.challenge.data.Employee@211b21fc]
2022-06-20 16:16:26.059 DEBUG 18280 --- [o-auto-1-exec-1] c.m.c.service.impl.EmployeeServiceImpl   : Creating employee [com.mindex.challenge.data.Employee@211b21fc]
2022-06-20 16:16:26.064 DEBUG 18280 --- [o-auto-1-exec-9] c.m.c.controller.EmployeeController      : Received employee create request for id [11fe7935-94a6-45cf-b1ee-881ef224aff4]
2022-06-20 16:16:26.064 DEBUG 18280 --- [o-auto-1-exec-9] c.m.c.service.impl.EmployeeServiceImpl   : Creating employee with id [11fe7935-94a6-45cf-b1ee-881ef224aff4]
2022-06-20 16:16:26.070 DEBUG 18280 --- [o-auto-1-exec-4] c.m.c.controller.EmployeeController      : Received employee create request for id [11fe7935-94a6-45cf-b1ee-881ef224aff4] and employee [com.mindex.challenge.data.Employee@6d1e8fa0]
2022-06-20 16:16:26.070 DEBUG 18280 --- [o-auto-1-exec-4] c.m.c.service.impl.EmployeeServiceImpl   : Updating employee [com.mindex.challenge.data.Employee@6d1e8fa0]
]]></system-out>
  <system-err><![CDATA[]]></system-err>
</testsuite>
